This file contains any messages produced by compilers while
running configure, to aid debugging if configure makes a mistake.

It was created by exeminer configure 0.5.4pre2, which was
generated by GNU Autoconf 2.68.  Invocation command line was

  $ ./configure 

## --------- ##
## Platform. ##
## --------- ##

hostname = bil.poolz.net
uname -m = x86_64
uname -r = 3.8.0-29-generic
uname -s = Linux
uname -v = #42~precise1-Ubuntu SMP Wed Aug 14 16:19:23 UTC 2013

/usr/bin/uname -p = unknown
/bin/uname -X     = unknown

/bin/arch              = unknown
/usr/bin/arch -k       = unknown
/usr/convex/getsysinfo = unknown
/usr/bin/hostinfo      = unknown
/bin/machine           = unknown
/usr/bin/oslevel       = unknown
/bin/universe          = unknown

PATH: /usr/local/sbin
PATH: /usr/local/bin
PATH: /usr/sbin
PATH: /usr/bin
PATH: /sbin
PATH: /bin
PATH: /usr/games


## ----------- ##
## Core tests. ##
## ----------- ##

configure:2809: checking build system type
configure:2823: result: x86_64-unknown-linux-gnu
configure:2843: checking host system type
configure:2856: result: x86_64-unknown-linux-gnu
configure:2876: checking target system type
configure:2889: result: x86_64-unknown-linux-gnu
configure:2937: checking for a BSD-compatible install
configure:3005: result: /usr/bin/install -c
configure:3016: checking whether build environment is sane
configure:3066: result: yes
configure:3207: checking for a thread-safe mkdir -p
configure:3246: result: /bin/mkdir -p
configure:3260: checking for gawk
configure:3290: result: no
configure:3260: checking for mawk
configure:3276: found /usr/bin/mawk
configure:3287: result: mawk
configure:3298: checking whether make sets $(MAKE)
configure:3320: result: yes
configure:3424: checking for style of include used by make
configure:3452: result: GNU
configure:3522: checking for gcc
configure:3538: found /usr/bin/gcc
configure:3549: result: gcc
configure:3778: checking for C compiler version
configure:3787: gcc --version >&5
gcc (Ubuntu/Linaro 4.6.3-1ubuntu5) 4.6.3
Copyright (C) 2011 Free Software Foundation, Inc.
This is free software; see the source for copying conditions.  There is NO
warranty; not even for MERCHANTABILITY or FITNESS FOR A PARTICULAR PURPOSE.

configure:3798: $? = 0
configure:3787: gcc -v >&5
Using built-in specs.
COLLECT_GCC=gcc
COLLECT_LTO_WRAPPER=/usr/lib/gcc/x86_64-linux-gnu/4.6/lto-wrapper
Target: x86_64-linux-gnu
Configured with: ../src/configure -v --with-pkgversion='Ubuntu/Linaro 4.6.3-1ubuntu5' --with-bugurl=file:///usr/share/doc/gcc-4.6/README.Bugs --enable-languages=c,c++,fortran,objc,obj-c++ --prefix=/usr --program-suffix=-4.6 --enable-shared --enable-linker-build-id --with-system-zlib --libexecdir=/usr/lib --without-included-gettext --enable-threads=posix --with-gxx-include-dir=/usr/include/c++/4.6 --libdir=/usr/lib --enable-nls --with-sysroot=/ --enable-clocale=gnu --enable-libstdcxx-debug --enable-libstdcxx-time=yes --enable-gnu-unique-object --enable-plugin --enable-objc-gc --disable-werror --with-arch-32=i686 --with-tune=generic --enable-checking=release --build=x86_64-linux-gnu --host=x86_64-linux-gnu --target=x86_64-linux-gnu
Thread model: posix
gcc version 4.6.3 (Ubuntu/Linaro 4.6.3-1ubuntu5) 
configure:3798: $? = 0
configure:3787: gcc -V >&5
gcc: error: unrecognized option '-V'
gcc: fatal error: no input files
compilation terminated.
configure:3798: $? = 4
configure:3787: gcc -qversion >&5
gcc: error: unrecognized option '-qversion'
gcc: fatal error: no input files
compilation terminated.
configure:3798: $? = 4
configure:3818: checking whether the C compiler works
configure:3840: gcc    conftest.c  >&5
configure:3844: $? = 0
configure:3892: result: yes
configure:3895: checking for C compiler default output file name
configure:3897: result: a.out
configure:3903: checking for suffix of executables
configure:3910: gcc -o conftest    conftest.c  >&5
configure:3914: $? = 0
configure:3936: result: 
configure:3958: checking whether we are cross compiling
configure:3966: gcc -o conftest    conftest.c  >&5
configure:3970: $? = 0
configure:3977: ./conftest
configure:3981: $? = 0
configure:3996: result: no
configure:4001: checking for suffix of object files
configure:4023: gcc -c   conftest.c >&5
configure:4027: $? = 0
configure:4048: result: o
configure:4052: checking whether we are using the GNU C compiler
configure:4071: gcc -c   conftest.c >&5
configure:4071: $? = 0
configure:4080: result: yes
configure:4089: checking whether gcc accepts -g
configure:4109: gcc -c -g  conftest.c >&5
configure:4109: $? = 0
configure:4150: result: yes
configure:4167: checking for gcc option to accept ISO C89
configure:4231: gcc  -c -g -O2  conftest.c >&5
configure:4231: $? = 0
configure:4244: result: none needed
configure:4266: checking dependency style of gcc
configure:4376: result: gcc3
configure:4397: checking how to run the C preprocessor
configure:4428: gcc -E  conftest.c
configure:4428: $? = 0
configure:4442: gcc -E  conftest.c
conftest.c:11:28: fatal error: ac_nonexistent.h: No such file or directory
compilation terminated.
configure:4442: $? = 1
configure: failed program was:
| /* confdefs.h */
| #define PACKAGE_NAME "exeminer"
| #define PACKAGE_TARNAME "exeminer"
| #define PACKAGE_VERSION "0.5.4pre2"
| #define PACKAGE_STRING "exeminer 0.5.4pre2"
| #define PACKAGE_BUGREPORT ""
| #define PACKAGE_URL ""
| #define PACKAGE "exeminer"
| #define VERSION "0.5.4pre2"
| /* end confdefs.h.  */
| #include <ac_nonexistent.h>
configure:4467: result: gcc -E
configure:4487: gcc -E  conftest.c
configure:4487: $? = 0
configure:4501: gcc -E  conftest.c
conftest.c:11:28: fatal error: ac_nonexistent.h: No such file or directory
compilation terminated.
configure:4501: $? = 1
configure: failed program was:
| /* confdefs.h */
| #define PACKAGE_NAME "exeminer"
| #define PACKAGE_TARNAME "exeminer"
| #define PACKAGE_VERSION "0.5.4pre2"
| #define PACKAGE_STRING "exeminer 0.5.4pre2"
| #define PACKAGE_BUGREPORT ""
| #define PACKAGE_URL ""
| #define PACKAGE "exeminer"
| #define VERSION "0.5.4pre2"
| /* end confdefs.h.  */
| #include <ac_nonexistent.h>
configure:4530: checking for grep that handles long lines and -e
configure:4588: result: /bin/grep
configure:4593: checking for egrep
configure:4655: result: /bin/grep -E
configure:4660: checking for ANSI C header files
configure:4680: gcc -c -g -O2  conftest.c >&5
configure:4680: $? = 0
configure:4753: gcc -o conftest -g -O2   conftest.c  >&5
configure:4753: $? = 0
configure:4753: ./conftest
configure:4753: $? = 0
configure:4764: result: yes
configure:4777: checking for sys/types.h
configure:4777: gcc -c -g -O2  conftest.c >&5
configure:4777: $? = 0
configure:4777: result: yes
configure:4777: checking for sys/stat.h
configure:4777: gcc -c -g -O2  conftest.c >&5
configure:4777: $? = 0
configure:4777: result: yes
configure:4777: checking for stdlib.h
configure:4777: gcc -c -g -O2  conftest.c >&5
configure:4777: $? = 0
configure:4777: result: yes
configure:4777: checking for string.h
configure:4777: gcc -c -g -O2  conftest.c >&5
configure:4777: $? = 0
configure:4777: result: yes
configure:4777: checking for memory.h
configure:4777: gcc -c -g -O2  conftest.c >&5
configure:4777: $? = 0
configure:4777: result: yes
configure:4777: checking for strings.h
configure:4777: gcc -c -g -O2  conftest.c >&5
configure:4777: $? = 0
configure:4777: result: yes
configure:4777: checking for inttypes.h
configure:4777: gcc -c -g -O2  conftest.c >&5
configure:4777: $? = 0
configure:4777: result: yes
configure:4777: checking for stdint.h
configure:4777: gcc -c -g -O2  conftest.c >&5
configure:4777: $? = 0
configure:4777: result: yes
configure:4777: checking for unistd.h
configure:4777: gcc -c -g -O2  conftest.c >&5
configure:4777: $? = 0
configure:4777: result: yes
configure:4792: checking minix/config.h usability
configure:4792: gcc -c -g -O2  conftest.c >&5
conftest.c:54:26: fatal error: minix/config.h: No such file or directory
compilation terminated.
configure:4792: $? = 1
configure: failed program was:
| /* confdefs.h */
| #define PACKAGE_NAME "exeminer"
| #define PACKAGE_TARNAME "exeminer"
| #define PACKAGE_VERSION "0.5.4pre2"
| #define PACKAGE_STRING "exeminer 0.5.4pre2"
| #define PACKAGE_BUGREPORT ""
| #define PACKAGE_URL ""
| #define PACKAGE "exeminer"
| #define VERSION "0.5.4pre2"
| #define STDC_HEADERS 1
| #define HAVE_SYS_TYPES_H 1
| #define HAVE_SYS_STAT_H 1
| #define HAVE_STDLIB_H 1
| #define HAVE_STRING_H 1
| #define HAVE_MEMORY_H 1
| #define HAVE_STRINGS_H 1
| #define HAVE_INTTYPES_H 1
| #define HAVE_STDINT_H 1
| #define HAVE_UNISTD_H 1
| /* end confdefs.h.  */
| #include <stdio.h>
| #ifdef HAVE_SYS_TYPES_H
| # include <sys/types.h>
| #endif
| #ifdef HAVE_SYS_STAT_H
| # include <sys/stat.h>
| #endif
| #ifdef STDC_HEADERS
| # include <stdlib.h>
| # include <stddef.h>
| #else
| # ifdef HAVE_STDLIB_H
| #  include <stdlib.h>
| # endif
| #endif
| #ifdef HAVE_STRING_H
| # if !defined STDC_HEADERS && defined HAVE_MEMORY_H
| #  include <memory.h>
| # endif
| # include <string.h>
| #endif
| #ifdef HAVE_STRINGS_H
| # include <strings.h>
| #endif
| #ifdef HAVE_INTTYPES_H
| # include <inttypes.h>
| #endif
| #ifdef HAVE_STDINT_H
| # include <stdint.h>
| #endif
| #ifdef HAVE_UNISTD_H
| # include <unistd.h>
| #endif
| #include <minix/config.h>
configure:4792: result: no
configure:4792: checking minix/config.h presence
configure:4792: gcc -E  conftest.c
conftest.c:21:26: fatal error: minix/config.h: No such file or directory
compilation terminated.
configure:4792: $? = 1
configure: failed program was:
| /* confdefs.h */
| #define PACKAGE_NAME "exeminer"
| #define PACKAGE_TARNAME "exeminer"
| #define PACKAGE_VERSION "0.5.4pre2"
| #define PACKAGE_STRING "exeminer 0.5.4pre2"
| #define PACKAGE_BUGREPORT ""
| #define PACKAGE_URL ""
| #define PACKAGE "exeminer"
| #define VERSION "0.5.4pre2"
| #define STDC_HEADERS 1
| #define HAVE_SYS_TYPES_H 1
| #define HAVE_SYS_STAT_H 1
| #define HAVE_STDLIB_H 1
| #define HAVE_STRING_H 1
| #define HAVE_MEMORY_H 1
| #define HAVE_STRINGS_H 1
| #define HAVE_INTTYPES_H 1
| #define HAVE_STDINT_H 1
| #define HAVE_UNISTD_H 1
| /* end confdefs.h.  */
| #include <minix/config.h>
configure:4792: result: no
configure:4792: checking for minix/config.h
configure:4792: result: no
configure:4821: checking whether it is safe to define __EXTENSIONS__
configure:4839: gcc -c -g -O2  conftest.c >&5
configure:4839: $? = 0
configure:4846: result: yes
configure:4893: checking whether to enable maintainer-specific portions of Makefiles
configure:4902: result: no
configure:4964: checking for gcc
configure:4991: result: gcc
configure:5220: checking for C compiler version
configure:5229: gcc --version >&5
gcc (Ubuntu/Linaro 4.6.3-1ubuntu5) 4.6.3
Copyright (C) 2011 Free Software Foundation, Inc.
This is free software; see the source for copying conditions.  There is NO
warranty; not even for MERCHANTABILITY or FITNESS FOR A PARTICULAR PURPOSE.

configure:5240: $? = 0
configure:5229: gcc -v >&5
Using built-in specs.
COLLECT_GCC=gcc
COLLECT_LTO_WRAPPER=/usr/lib/gcc/x86_64-linux-gnu/4.6/lto-wrapper
Target: x86_64-linux-gnu
Configured with: ../src/configure -v --with-pkgversion='Ubuntu/Linaro 4.6.3-1ubuntu5' --with-bugurl=file:///usr/share/doc/gcc-4.6/README.Bugs --enable-languages=c,c++,fortran,objc,obj-c++ --prefix=/usr --program-suffix=-4.6 --enable-shared --enable-linker-build-id --with-system-zlib --libexecdir=/usr/lib --without-included-gettext --enable-threads=posix --with-gxx-include-dir=/usr/include/c++/4.6 --libdir=/usr/lib --enable-nls --with-sysroot=/ --enable-clocale=gnu --enable-libstdcxx-debug --enable-libstdcxx-time=yes --enable-gnu-unique-object --enable-plugin --enable-objc-gc --disable-werror --with-arch-32=i686 --with-tune=generic --enable-checking=release --build=x86_64-linux-gnu --host=x86_64-linux-gnu --target=x86_64-linux-gnu
Thread model: posix
gcc version 4.6.3 (Ubuntu/Linaro 4.6.3-1ubuntu5) 
configure:5240: $? = 0
configure:5229: gcc -V >&5
gcc: error: unrecognized option '-V'
gcc: fatal error: no input files
compilation terminated.
configure:5240: $? = 4
configure:5229: gcc -qversion >&5
gcc: error: unrecognized option '-qversion'
gcc: fatal error: no input files
compilation terminated.
configure:5240: $? = 4
configure:5244: checking whether we are using the GNU C compiler
configure:5272: result: yes
configure:5281: checking whether gcc accepts -g
configure:5342: result: yes
configure:5359: checking for gcc option to accept ISO C89
configure:5436: result: none needed
configure:5458: checking dependency style of gcc
configure:5568: result: gcc3
configure:5626: checking for ranlib
configure:5642: found /usr/bin/ranlib
configure:5653: result: ranlib
configure:5701: checking whether gcc needs -traditional
configure:5735: result: no
configure:5743: checking whether gcc and cc understand -c and -o together
configure:5774: gcc -c conftest.c -o conftest2.o >&5
configure:5778: $? = 0
configure:5784: gcc -c conftest.c -o conftest2.o >&5
configure:5788: $? = 0
configure:5799: cc -c conftest.c >&5
configure:5803: $? = 0
configure:5811: cc -c conftest.c -o conftest2.o >&5
configure:5815: $? = 0
configure:5821: cc -c conftest.c -o conftest2.o >&5
configure:5825: $? = 0
configure:5843: result: yes
configure:5914: checking how to print strings
configure:5941: result: printf
configure:5962: checking for a sed that does not truncate output
configure:6026: result: /bin/sed
configure:6044: checking for fgrep
configure:6106: result: /bin/grep -F
configure:6141: checking for ld used by gcc
configure:6208: result: /usr/bin/ld
configure:6215: checking if the linker (/usr/bin/ld) is GNU ld
configure:6230: result: yes
configure:6242: checking for BSD- or MS-compatible name lister (nm)
configure:6291: result: /usr/bin/nm -B
configure:6421: checking the name lister (/usr/bin/nm -B) interface
configure:6428: gcc -c -g -O2  conftest.c >&5
configure:6431: /usr/bin/nm -B "conftest.o"
configure:6434: output
0000000000000000 B some_variable
configure:6441: result: BSD nm
configure:6444: checking whether ln -s works
configure:6448: result: yes
configure:6456: checking the maximum length of command line arguments
configure:6581: result: 1572864
configure:6598: checking whether the shell understands some XSI constructs
configure:6608: result: yes
configure:6612: checking whether the shell understands "+="
configure:6618: result: yes
configure:6653: checking how to convert x86_64-unknown-linux-gnu file names to x86_64-unknown-linux-gnu format
configure:6693: result: func_convert_file_noop
configure:6700: checking how to convert x86_64-unknown-linux-gnu file names to toolchain format
configure:6720: result: func_convert_file_noop
configure:6727: checking for /usr/bin/ld option to reload object files
configure:6734: result: -r
configure:6808: checking for objdump
configure:6824: found /usr/bin/objdump
configure:6835: result: objdump
configure:6867: checking how to recognize dependent libraries
configure:7069: result: pass_all
configure:7154: checking for dlltool
configure:7184: result: no
configure:7214: checking how to associate runtime and link libraries
configure:7241: result: printf %s\n
configure:7301: checking for ar
configure:7317: found /usr/bin/ar
configure:7328: result: ar
configure:7365: checking for archiver @FILE support
configure:7382: gcc -c -g -O2  conftest.c >&5
configure:7382: $? = 0
configure:7385: ar cru libconftest.a @conftest.lst >&5
configure:7388: $? = 0
configure:7393: ar cru libconftest.a @conftest.lst >&5
ar: conftest.o: No such file or directory
configure:7396: $? = 1
configure:7408: result: @
configure:7466: checking for strip
configure:7482: found /usr/bin/strip
configure:7493: result: strip
configure:7565: checking for ranlib
configure:7592: result: ranlib
configure:7694: checking command to parse /usr/bin/nm -B output from gcc object
configure:7813: gcc -c -g -O2  conftest.c >&5
configure:7816: $? = 0
configure:7820: /usr/bin/nm -B conftest.o \| sed -n -e 's/^.*[ ]\([ABCDGIRSTW][ABCDGIRSTW]*\)[ ][ ]*\([_A-Za-z][_A-Za-z0-9]*\)$/\1 \2 \2/p' | sed '/ __gnu_lto/d' \> conftest.nm
configure:7823: $? = 0
configure:7889: gcc -o conftest -g -O2   conftest.c conftstm.o >&5
configure:7892: $? = 0
configure:7930: result: ok
configure:7967: checking for sysroot
configure:7997: result: no
configure:8074: gcc -c -g -O2  conftest.c >&5
configure:8077: $? = 0
configure:8240: checking for mt
configure:8256: found /bin/mt
configure:8267: result: mt
configure:8290: checking if mt is a manifest tool
configure:8296: mt '-?'
configure:8304: result: no
configure:8933: checking for dlfcn.h
configure:8933: gcc -c -g -O2  conftest.c >&5
configure:8933: $? = 0
configure:8933: result: yes
configure:9119: checking for objdir
configure:9134: result: .libs
configure:9405: checking if gcc supports -fno-rtti -fno-exceptions
configure:9423: gcc -c -g -O2  -fno-rtti -fno-exceptions conftest.c >&5
cc1: warning: command line option '-fno-rtti' is valid for C++/ObjC++ but not for C [enabled by default]
configure:9427: $? = 0
configure:9440: result: no
configure:9750: checking for gcc option to produce PIC
configure:9757: result: -fPIC -DPIC
configure:9765: checking if gcc PIC flag -fPIC -DPIC works
configure:9783: gcc -c -g -O2  -fPIC -DPIC -DPIC conftest.c >&5
configure:9787: $? = 0
configure:9800: result: yes
configure:9829: checking if gcc static flag -static works
configure:9857: result: yes
configure:9872: checking if gcc supports -c -o file.o
configure:9893: gcc -c -g -O2  -o out/conftest2.o conftest.c >&5
configure:9897: $? = 0
configure:9919: result: yes
configure:9927: checking if gcc supports -c -o file.o
configure:9974: result: yes
configure:10007: checking whether the gcc linker (/usr/bin/ld -m elf_x86_64) supports shared libraries
configure:11165: result: yes
configure:11410: checking dynamic linker characteristics
configure:11924: gcc -o conftest -g -O2   -Wl,-rpath -Wl,/foo conftest.c  >&5
configure:11924: $? = 0
configure:12146: result: GNU/Linux ld.so
configure:12253: checking how to hardcode library paths into programs
configure:12278: result: immediate
configure:12818: checking whether stripping libraries is possible
configure:12823: result: yes
configure:12858: checking if libtool supports shared libraries
configure:12860: result: yes
configure:12863: checking whether to build shared libraries
configure:12884: result: no
configure:12887: checking whether to build static libraries
configure:12891: result: yes
configure:12941: checking sys/mman.h usability
configure:12941: gcc -c -g -O2  conftest.c >&5
configure:12941: $? = 0
configure:12941: result: yes
configure:12941: checking sys/mman.h presence
configure:12941: gcc -E  conftest.c
configure:12941: $? = 0
configure:12941: result: yes
configure:12941: checking for sys/mman.h
configure:12941: result: yes
configure:12941: checking wchar.h usability
configure:12941: gcc -c -g -O2  conftest.c >&5
configure:12941: $? = 0
configure:12941: result: yes
configure:12941: checking wchar.h presence
configure:12941: gcc -E  conftest.c
configure:12941: $? = 0
configure:12941: result: yes
configure:12941: checking for wchar.h
configure:12941: result: yes
configure:12941: checking for stdint.h
configure:12941: result: yes
configure:12962: checking for mprotect
configure:12962: gcc -o conftest -g -O2   conftest.c  >&5
configure:12962: $? = 0
configure:12962: result: yes
configure:12962: checking for sigaction
configure:12962: gcc -o conftest -g -O2   conftest.c  >&5
configure:12962: $? = 0
configure:12962: result: yes
configure:12962: checking for sigaltstack
configure:12962: gcc -o conftest -g -O2   conftest.c  >&5
configure:12962: $? = 0
configure:12962: result: yes
configure:12962: checking for siginterrupt
configure:12962: gcc -o conftest -g -O2   conftest.c  >&5
configure:12962: $? = 0
configure:12962: result: yes
configure:13053: checking for mmap
configure:13053: gcc -o conftest -g -O2   conftest.c  >&5
configure:13053: $? = 0
configure:13053: result: yes
configure:13064: checking for MAP_ANONYMOUS
configure:13101: result: yes
configure:13135: checking whether memchr works
configure:13198: gcc -o conftest -g -O2   conftest.c  >&5
configure:13198: $? = 0
configure:13198: ./conftest
configure:13198: $? = 0
configure:13208: result: yes
configure:13216: checking whether memmem is declared
configure:13216: gcc -c -g -O2  conftest.c >&5
configure:13216: $? = 0
configure:13216: result: yes
configure:13234: checking for memmem
configure:13234: gcc -o conftest -g -O2   conftest.c  >&5
configure:13234: $? = 0
configure:13234: result: yes
configure:13258: checking whether memmem works
configure:13322: gcc -o conftest -g -O2   conftest.c  >&5
configure:13322: $? = 0
configure:13322: ./conftest
configure:13322: $? = 0
configure:13333: result: yes
configure:13351: gcc -c -g -O2  conftest.c >&5
conftest.c:42:10: error: unknown type name 'not'
conftest.c:42:16: error: expected '=', ',', ';', 'asm' or '__attribute__' before 'universal'
conftest.c:42:16: error: unknown type name 'universal'
configure:13351: $? = 1
configure: failed program was:
| /* confdefs.h */
| #define PACKAGE_NAME "exeminer"
| #define PACKAGE_TARNAME "exeminer"
| #define PACKAGE_VERSION "0.5.4pre2"
| #define PACKAGE_STRING "exeminer 0.5.4pre2"
| #define PACKAGE_BUGREPORT ""
| #define PACKAGE_URL ""
| #define PACKAGE "exeminer"
| #define VERSION "0.5.4pre2"
| #define STDC_HEADERS 1
| #define HAVE_SYS_TYPES_H 1
| #define HAVE_SYS_STAT_H 1
| #define HAVE_STDLIB_H 1
| #define HAVE_STRING_H 1
| #define HAVE_MEMORY_H 1
| #define HAVE_STRINGS_H 1
| #define HAVE_INTTYPES_H 1
| #define HAVE_STDINT_H 1
| #define HAVE_UNISTD_H 1
| #define __EXTENSIONS__ 1
| #define _ALL_SOURCE 1
| #define _GNU_SOURCE 1
| #define _POSIX_PTHREAD_SEMANTICS 1
| #define _TANDEM_SOURCE 1
| #define CGMINER_MAJOR_VERSION 0
| #define CGMINER_MINOR_VERSION 5
| #define CGMINER_MINOR_SUBVERSION 4pre2
| #define HAVE_DLFCN_H 1
| #define LT_OBJDIR ".libs/"
| #define HAVE_SYS_MMAN_H 1
| #define HAVE_WCHAR_H 1
| #define HAVE_STDINT_H 1
| #define HAVE_MPROTECT 1
| #define HAVE_SIGACTION 1
| #define HAVE_SIGALTSTACK 1
| #define HAVE_SIGINTERRUPT 1
| #define HAVE_MAP_ANONYMOUS 1
| #define HAVE_DECL_MEMMEM 1
| #define HAVE_MEMMEM 1
| /* end confdefs.h.  */
| #ifndef __APPLE_CC__
|          not a universal capable compiler
|         #endif
|         typedef int dummy;
| 
configure:13402: checking for C/C++ restrict keyword
configure:13427: gcc -c -g -O2  conftest.c >&5
configure:13427: $? = 0
configure:13435: result: __restrict
configure:13448: checking for uid_t in sys/types.h
configure:13467: result: yes
configure:13478: checking for inline
configure:13494: gcc -c -g -O2  conftest.c >&5
configure:13494: $? = 0
configure:13502: result: inline
configure:13535: checking whether the preprocessor supports include_next
configure:13573: gcc -c -g -O2  -Iconftestd1b -Iconftestd2 conftest.c >&5
configure:13573: $? = 0
configure:13594: result: yes
configure:13615: checking whether system header files limit the line length
configure:13638: result: no
configure:13652: checking for wchar_t
configure:13669: gcc -c -g -O2  conftest.c >&5
configure:13669: $? = 0
configure:13676: result: yes
configure:13685: checking for unsigned long long int
configure:13724: gcc -o conftest -g -O2   conftest.c  >&5
configure:13724: $? = 0
configure:13733: result: yes
configure:13743: checking for long long int
configure:13781: gcc -o conftest -g -O2   conftest.c  >&5
configure:13781: $? = 0
configure:13781: ./conftest
configure:13781: $? = 0
configure:13793: result: yes
configure:13930: checking whether stdint.h conforms to C99
configure:14101: gcc -c -g -O2  conftest.c >&5
configure:14101: $? = 0
configure:14183: gcc -o conftest -g -O2   conftest.c  >&5
configure:14183: $? = 0
configure:14183: ./conftest
configure:14183: $? = 0
configure:14195: result: yes
configure:14594: checking whether memmem is declared without a macro
configure:14612: gcc -c -g -O2  conftest.c >&5
configure:14612: $? = 0
configure:14620: result: yes
configure:14594: checking whether mempcpy is declared without a macro
configure:14612: gcc -c -g -O2  conftest.c >&5
configure:14612: $? = 0
configure:14620: result: yes
configure:14594: checking whether memrchr is declared without a macro
configure:14612: gcc -c -g -O2  conftest.c >&5
configure:14612: $? = 0
configure:14620: result: yes
configure:14594: checking whether rawmemchr is declared without a macro
configure:14612: gcc -c -g -O2  conftest.c >&5
configure:14612: $? = 0
configure:14620: result: yes
configure:14594: checking whether stpcpy is declared without a macro
configure:14612: gcc -c -g -O2  conftest.c >&5
configure:14612: $? = 0
configure:14620: result: yes
configure:14594: checking whether stpncpy is declared without a macro
configure:14612: gcc -c -g -O2  conftest.c >&5
configure:14612: $? = 0
configure:14620: result: yes
configure:14594: checking whether strchrnul is declared without a macro
configure:14612: gcc -c -g -O2  conftest.c >&5
configure:14612: $? = 0
configure:14620: result: yes
configure:14594: checking whether strdup is declared without a macro
configure:14612: gcc -c -g -O2  conftest.c >&5
configure:14612: $? = 0
configure:14620: result: yes
configure:14594: checking whether strncat is declared without a macro
configure:14612: gcc -c -g -O2  conftest.c >&5
configure:14612: $? = 0
configure:14620: result: yes
configure:14594: checking whether strndup is declared without a macro
configure:14612: gcc -c -g -O2  conftest.c >&5
configure:14612: $? = 0
configure:14620: result: yes
configure:14594: checking whether strnlen is declared without a macro
configure:14612: gcc -c -g -O2  conftest.c >&5
configure:14612: $? = 0
configure:14620: result: yes
configure:14594: checking whether strpbrk is declared without a macro
configure:14612: gcc -c -g -O2  conftest.c >&5
configure:14612: $? = 0
configure:14620: result: yes
configure:14594: checking whether strsep is declared without a macro
configure:14612: gcc -c -g -O2  conftest.c >&5
configure:14612: $? = 0
configure:14620: result: yes
configure:14594: checking whether strcasestr is declared without a macro
configure:14612: gcc -c -g -O2  conftest.c >&5
configure:14612: $? = 0
configure:14620: result: yes
configure:14594: checking whether strtok_r is declared without a macro
configure:14612: gcc -c -g -O2  conftest.c >&5
configure:14612: $? = 0
configure:14620: result: yes
configure:14594: checking whether strerror_r is declared without a macro
configure:14612: gcc -c -g -O2  conftest.c >&5
configure:14612: $? = 0
configure:14620: result: yes
configure:14594: checking whether strsignal is declared without a macro
configure:14612: gcc -c -g -O2  conftest.c >&5
configure:14612: $? = 0
configure:14620: result: yes
configure:14594: checking whether strverscmp is declared without a macro
configure:14612: gcc -c -g -O2  conftest.c >&5
configure:14612: $? = 0
configure:14620: result: yes
configure:14700: checking whether memmem works in linear time
configure:14771: gcc -o conftest -g -O2   conftest.c  >&5
configure:14771: $? = 0
configure:14771: ./conftest
configure:14771: $? = 0
configure:14782: result: yes
configure:14807: checking for memmem
configure:14807: result: yes
configure:14831: checking whether memmem works
configure:14906: result: yes
configure:14952: checking for struct sigaction.sa_sigaction
configure:14952: gcc -c -g -O2  conftest.c >&5
configure:14952: $? = 0
configure:14952: result: yes
configure:15087: checking for volatile sig_atomic_t
configure:15087: gcc -c -g -O2  conftest.c >&5
configure:15087: $? = 0
configure:15087: gcc -c -g -O2  conftest.c >&5
conftest.c: In function 'main':
conftest.c:75:36: error: expected expression before ')' token
configure:15087: $? = 1
configure: failed program was:
| /* confdefs.h */
| #define PACKAGE_NAME "exeminer"
| #define PACKAGE_TARNAME "exeminer"
| #define PACKAGE_VERSION "0.5.4pre2"
| #define PACKAGE_STRING "exeminer 0.5.4pre2"
| #define PACKAGE_BUGREPORT ""
| #define PACKAGE_URL ""
| #define PACKAGE "exeminer"
| #define VERSION "0.5.4pre2"
| #define STDC_HEADERS 1
| #define HAVE_SYS_TYPES_H 1
| #define HAVE_SYS_STAT_H 1
| #define HAVE_STDLIB_H 1
| #define HAVE_STRING_H 1
| #define HAVE_MEMORY_H 1
| #define HAVE_STRINGS_H 1
| #define HAVE_INTTYPES_H 1
| #define HAVE_STDINT_H 1
| #define HAVE_UNISTD_H 1
| #define __EXTENSIONS__ 1
| #define _ALL_SOURCE 1
| #define _GNU_SOURCE 1
| #define _POSIX_PTHREAD_SEMANTICS 1
| #define _TANDEM_SOURCE 1
| #define CGMINER_MAJOR_VERSION 0
| #define CGMINER_MINOR_VERSION 5
| #define CGMINER_MINOR_SUBVERSION 4pre2
| #define HAVE_DLFCN_H 1
| #define LT_OBJDIR ".libs/"
| #define HAVE_SYS_MMAN_H 1
| #define HAVE_WCHAR_H 1
| #define HAVE_STDINT_H 1
| #define HAVE_MPROTECT 1
| #define HAVE_SIGACTION 1
| #define HAVE_SIGALTSTACK 1
| #define HAVE_SIGINTERRUPT 1
| #define HAVE_MAP_ANONYMOUS 1
| #define HAVE_DECL_MEMMEM 1
| #define HAVE_MEMMEM 1
| #define restrict __restrict
| #define HAVE_WCHAR_T 1
| #define HAVE_UNSIGNED_LONG_LONG_INT 1
| #define HAVE_LONG_LONG_INT 1
| #define HAVE_RAW_DECL_MEMMEM 1
| #define HAVE_RAW_DECL_MEMPCPY 1
| #define HAVE_RAW_DECL_MEMRCHR 1
| #define HAVE_RAW_DECL_RAWMEMCHR 1
| #define HAVE_RAW_DECL_STPCPY 1
| #define HAVE_RAW_DECL_STPNCPY 1
| #define HAVE_RAW_DECL_STRCHRNUL 1
| #define HAVE_RAW_DECL_STRDUP 1
| #define HAVE_RAW_DECL_STRNCAT 1
| #define HAVE_RAW_DECL_STRNDUP 1
| #define HAVE_RAW_DECL_STRNLEN 1
| #define HAVE_RAW_DECL_STRPBRK 1
| #define HAVE_RAW_DECL_STRSEP 1
| #define HAVE_RAW_DECL_STRCASESTR 1
| #define HAVE_RAW_DECL_STRTOK_R 1
| #define HAVE_RAW_DECL_STRERROR_R 1
| #define HAVE_RAW_DECL_STRSIGNAL 1
| #define HAVE_RAW_DECL_STRVERSCMP 1
| #define GNULIB_TEST_MEMCHR 1
| #define HAVE_MEMMEM 1
| #define GNULIB_TEST_MEMMEM 1
| #define HAVE_STRUCT_SIGACTION_SA_SIGACTION 1
| #define GNULIB_TEST_SIGACTION 1
| /* end confdefs.h.  */
| 
| #include <signal.h>
| 
| 
| int
| main ()
| {
| if (sizeof ((volatile sig_atomic_t)))
| 	    return 0;
|   ;
|   return 0;
| }
configure:15087: result: yes
configure:15101: checking for sighandler_t
configure:15101: gcc -c -g -O2  conftest.c >&5
configure:15101: $? = 0
configure:15101: gcc -c -g -O2  conftest.c >&5
conftest.c: In function 'main':
conftest.c:75:27: error: expected expression before ')' token
configure:15101: $? = 1
configure: failed program was:
| /* confdefs.h */
| #define PACKAGE_NAME "exeminer"
| #define PACKAGE_TARNAME "exeminer"
| #define PACKAGE_VERSION "0.5.4pre2"
| #define PACKAGE_STRING "exeminer 0.5.4pre2"
| #define PACKAGE_BUGREPORT ""
| #define PACKAGE_URL ""
| #define PACKAGE "exeminer"
| #define VERSION "0.5.4pre2"
| #define STDC_HEADERS 1
| #define HAVE_SYS_TYPES_H 1
| #define HAVE_SYS_STAT_H 1
| #define HAVE_STDLIB_H 1
| #define HAVE_STRING_H 1
| #define HAVE_MEMORY_H 1
| #define HAVE_STRINGS_H 1
| #define HAVE_INTTYPES_H 1
| #define HAVE_STDINT_H 1
| #define HAVE_UNISTD_H 1
| #define __EXTENSIONS__ 1
| #define _ALL_SOURCE 1
| #define _GNU_SOURCE 1
| #define _POSIX_PTHREAD_SEMANTICS 1
| #define _TANDEM_SOURCE 1
| #define CGMINER_MAJOR_VERSION 0
| #define CGMINER_MINOR_VERSION 5
| #define CGMINER_MINOR_SUBVERSION 4pre2
| #define HAVE_DLFCN_H 1
| #define LT_OBJDIR ".libs/"
| #define HAVE_SYS_MMAN_H 1
| #define HAVE_WCHAR_H 1
| #define HAVE_STDINT_H 1
| #define HAVE_MPROTECT 1
| #define HAVE_SIGACTION 1
| #define HAVE_SIGALTSTACK 1
| #define HAVE_SIGINTERRUPT 1
| #define HAVE_MAP_ANONYMOUS 1
| #define HAVE_DECL_MEMMEM 1
| #define HAVE_MEMMEM 1
| #define restrict __restrict
| #define HAVE_WCHAR_T 1
| #define HAVE_UNSIGNED_LONG_LONG_INT 1
| #define HAVE_LONG_LONG_INT 1
| #define HAVE_RAW_DECL_MEMMEM 1
| #define HAVE_RAW_DECL_MEMPCPY 1
| #define HAVE_RAW_DECL_MEMRCHR 1
| #define HAVE_RAW_DECL_RAWMEMCHR 1
| #define HAVE_RAW_DECL_STPCPY 1
| #define HAVE_RAW_DECL_STPNCPY 1
| #define HAVE_RAW_DECL_STRCHRNUL 1
| #define HAVE_RAW_DECL_STRDUP 1
| #define HAVE_RAW_DECL_STRNCAT 1
| #define HAVE_RAW_DECL_STRNDUP 1
| #define HAVE_RAW_DECL_STRNLEN 1
| #define HAVE_RAW_DECL_STRPBRK 1
| #define HAVE_RAW_DECL_STRSEP 1
| #define HAVE_RAW_DECL_STRCASESTR 1
| #define HAVE_RAW_DECL_STRTOK_R 1
| #define HAVE_RAW_DECL_STRERROR_R 1
| #define HAVE_RAW_DECL_STRSIGNAL 1
| #define HAVE_RAW_DECL_STRVERSCMP 1
| #define GNULIB_TEST_MEMCHR 1
| #define HAVE_MEMMEM 1
| #define GNULIB_TEST_MEMMEM 1
| #define HAVE_STRUCT_SIGACTION_SA_SIGACTION 1
| #define GNULIB_TEST_SIGACTION 1
| /* end confdefs.h.  */
| 
| #include <signal.h>
| 
| 
| int
| main ()
| {
| if (sizeof ((sighandler_t)))
| 	    return 0;
|   ;
|   return 0;
| }
configure:15101: result: yes
configure:15115: checking whether sigaction is declared without a macro
configure:15133: gcc -c -g -O2  conftest.c >&5
configure:15133: $? = 0
configure:15141: result: yes
configure:15115: checking whether sigaddset is declared without a macro
configure:15133: gcc -c -g -O2  conftest.c >&5
configure:15133: $? = 0
configure:15141: result: yes
configure:15115: checking whether sigdelset is declared without a macro
configure:15133: gcc -c -g -O2  conftest.c >&5
configure:15133: $? = 0
configure:15141: result: yes
configure:15115: checking whether sigemptyset is declared without a macro
configure:15133: gcc -c -g -O2  conftest.c >&5
configure:15133: $? = 0
configure:15141: result: yes
configure:15115: checking whether sigfillset is declared without a macro
configure:15133: gcc -c -g -O2  conftest.c >&5
configure:15133: $? = 0
configure:15141: result: yes
configure:15115: checking whether sigismember is declared without a macro
configure:15133: gcc -c -g -O2  conftest.c >&5
configure:15133: $? = 0
configure:15141: result: yes
configure:15115: checking whether sigpending is declared without a macro
configure:15133: gcc -c -g -O2  conftest.c >&5
configure:15133: $? = 0
configure:15141: result: yes
configure:15115: checking whether sigprocmask is declared without a macro
configure:15133: gcc -c -g -O2  conftest.c >&5
configure:15133: $? = 0
configure:15141: result: yes
configure:15170: checking for sigprocmask
configure:15170: gcc -o conftest -g -O2   conftest.c  >&5
configure:15170: $? = 0
configure:15170: result: yes
configure:15237: checking whether NULL can be used in arbitrary expressions
configure:15255: gcc -c -g -O2  conftest.c >&5
configure:15255: $? = 0
configure:15262: result: yes
configure:15377: checking for ANSI C header files
configure:15481: result: yes
configure:15491: checking syslog.h usability
configure:15491: gcc -c -g -O2  conftest.c >&5
configure:15491: $? = 0
configure:15491: result: yes
configure:15491: checking syslog.h presence
configure:15491: gcc -E  conftest.c
configure:15491: $? = 0
configure:15491: result: yes
configure:15491: checking for syslog.h
configure:15491: result: yes
configure:15502: checking for size_t
configure:15502: gcc -c -g -O2  conftest.c >&5
configure:15502: $? = 0
configure:15502: gcc -c -g -O2  conftest.c >&5
conftest.c: In function 'main':
conftest.c:115:21: error: expected expression before ')' token
configure:15502: $? = 1
configure: failed program was:
| /* confdefs.h */
| #define PACKAGE_NAME "exeminer"
| #define PACKAGE_TARNAME "exeminer"
| #define PACKAGE_VERSION "0.5.4pre2"
| #define PACKAGE_STRING "exeminer 0.5.4pre2"
| #define PACKAGE_BUGREPORT ""
| #define PACKAGE_URL ""
| #define PACKAGE "exeminer"
| #define VERSION "0.5.4pre2"
| #define STDC_HEADERS 1
| #define HAVE_SYS_TYPES_H 1
| #define HAVE_SYS_STAT_H 1
| #define HAVE_STDLIB_H 1
| #define HAVE_STRING_H 1
| #define HAVE_MEMORY_H 1
| #define HAVE_STRINGS_H 1
| #define HAVE_INTTYPES_H 1
| #define HAVE_STDINT_H 1
| #define HAVE_UNISTD_H 1
| #define __EXTENSIONS__ 1
| #define _ALL_SOURCE 1
| #define _GNU_SOURCE 1
| #define _POSIX_PTHREAD_SEMANTICS 1
| #define _TANDEM_SOURCE 1
| #define CGMINER_MAJOR_VERSION 0
| #define CGMINER_MINOR_VERSION 5
| #define CGMINER_MINOR_SUBVERSION 4pre2
| #define HAVE_DLFCN_H 1
| #define LT_OBJDIR ".libs/"
| #define HAVE_SYS_MMAN_H 1
| #define HAVE_WCHAR_H 1
| #define HAVE_STDINT_H 1
| #define HAVE_MPROTECT 1
| #define HAVE_SIGACTION 1
| #define HAVE_SIGALTSTACK 1
| #define HAVE_SIGINTERRUPT 1
| #define HAVE_MAP_ANONYMOUS 1
| #define HAVE_DECL_MEMMEM 1
| #define HAVE_MEMMEM 1
| #define restrict __restrict
| #define HAVE_WCHAR_T 1
| #define HAVE_UNSIGNED_LONG_LONG_INT 1
| #define HAVE_LONG_LONG_INT 1
| #define HAVE_RAW_DECL_MEMMEM 1
| #define HAVE_RAW_DECL_MEMPCPY 1
| #define HAVE_RAW_DECL_MEMRCHR 1
| #define HAVE_RAW_DECL_RAWMEMCHR 1
| #define HAVE_RAW_DECL_STPCPY 1
| #define HAVE_RAW_DECL_STPNCPY 1
| #define HAVE_RAW_DECL_STRCHRNUL 1
| #define HAVE_RAW_DECL_STRDUP 1
| #define HAVE_RAW_DECL_STRNCAT 1
| #define HAVE_RAW_DECL_STRNDUP 1
| #define HAVE_RAW_DECL_STRNLEN 1
| #define HAVE_RAW_DECL_STRPBRK 1
| #define HAVE_RAW_DECL_STRSEP 1
| #define HAVE_RAW_DECL_STRCASESTR 1
| #define HAVE_RAW_DECL_STRTOK_R 1
| #define HAVE_RAW_DECL_STRERROR_R 1
| #define HAVE_RAW_DECL_STRSIGNAL 1
| #define HAVE_RAW_DECL_STRVERSCMP 1
| #define GNULIB_TEST_MEMCHR 1
| #define HAVE_MEMMEM 1
| #define GNULIB_TEST_MEMMEM 1
| #define HAVE_STRUCT_SIGACTION_SA_SIGACTION 1
| #define GNULIB_TEST_SIGACTION 1
| #define HAVE_RAW_DECL_SIGACTION 1
| #define HAVE_RAW_DECL_SIGADDSET 1
| #define HAVE_RAW_DECL_SIGDELSET 1
| #define HAVE_RAW_DECL_SIGEMPTYSET 1
| #define HAVE_RAW_DECL_SIGFILLSET 1
| #define HAVE_RAW_DECL_SIGISMEMBER 1
| #define HAVE_RAW_DECL_SIGPENDING 1
| #define HAVE_RAW_DECL_SIGPROCMASK 1
| #define GNULIB_TEST_SIGPROCMASK 1
| #define STDC_HEADERS 1
| #define HAVE_SYSLOG_H 1
| /* end confdefs.h.  */
| #include <stdio.h>
| #ifdef HAVE_SYS_TYPES_H
| # include <sys/types.h>
| #endif
| #ifdef HAVE_SYS_STAT_H
| # include <sys/stat.h>
| #endif
| #ifdef STDC_HEADERS
| # include <stdlib.h>
| # include <stddef.h>
| #else
| # ifdef HAVE_STDLIB_H
| #  include <stdlib.h>
| # endif
| #endif
| #ifdef HAVE_STRING_H
| # if !defined STDC_HEADERS && defined HAVE_MEMORY_H
| #  include <memory.h>
| # endif
| # include <string.h>
| #endif
| #ifdef HAVE_STRINGS_H
| # include <strings.h>
| #endif
| #ifdef HAVE_INTTYPES_H
| # include <inttypes.h>
| #endif
| #ifdef HAVE_STDINT_H
| # include <stdint.h>
| #endif
| #ifdef HAVE_UNISTD_H
| # include <unistd.h>
| #endif
| int
| main ()
| {
| if (sizeof ((size_t)))
| 	    return 0;
|   ;
|   return 0;
| }
configure:15502: result: yes
configure:15515: checking for working alloca.h
configure:15532: gcc -o conftest -g -O2   conftest.c  >&5
configure:15532: $? = 0
configure:15540: result: yes
configure:15548: checking for alloca
configure:15585: gcc -o conftest -g -O2   conftest.c  >&5
configure:15585: $? = 0
configure:15593: result: yes
configure:15790: checking for OpenCL
configure:15813: gcc -o conftest -g -O2 -I/opt/AMDAPP/include    conftest.c  -L/opt/AMDAPP/lib/x86_64 -lOpenCL >&5
configure:15813: $? = 0
configure:15814: result: yes
configure:15899: checking for pthread_create in -lpthread
configure:15924: gcc -o conftest -g -O2   conftest.c -lpthread   >&5
configure:15924: $? = 0
configure:15933: result: yes
configure:15962: checking for ./ADL_SDK/adl_sdk.h
configure:15976: result: yes
configure:16253: checking for library containing addstr
configure:16284: gcc -o conftest -g -O2   conftest.c -lpthread  >&5
/tmp/ccdbDjPo.o: In function `main':
/home/exeminer/conftest.c:96: undefined reference to `addstr'
collect2: ld returned 1 exit status
configure:16284: $? = 1
configure: failed program was:
| /* confdefs.h */
| #define PACKAGE_NAME "exeminer"
| #define PACKAGE_TARNAME "exeminer"
| #define PACKAGE_VERSION "0.5.4pre2"
| #define PACKAGE_STRING "exeminer 0.5.4pre2"
| #define PACKAGE_BUGREPORT ""
| #define PACKAGE_URL ""
| #define PACKAGE "exeminer"
| #define VERSION "0.5.4pre2"
| #define STDC_HEADERS 1
| #define HAVE_SYS_TYPES_H 1
| #define HAVE_SYS_STAT_H 1
| #define HAVE_STDLIB_H 1
| #define HAVE_STRING_H 1
| #define HAVE_MEMORY_H 1
| #define HAVE_STRINGS_H 1
| #define HAVE_INTTYPES_H 1
| #define HAVE_STDINT_H 1
| #define HAVE_UNISTD_H 1
| #define __EXTENSIONS__ 1
| #define _ALL_SOURCE 1
| #define _GNU_SOURCE 1
| #define _POSIX_PTHREAD_SEMANTICS 1
| #define _TANDEM_SOURCE 1
| #define CGMINER_MAJOR_VERSION 0
| #define CGMINER_MINOR_VERSION 5
| #define CGMINER_MINOR_SUBVERSION 4pre2
| #define HAVE_DLFCN_H 1
| #define LT_OBJDIR ".libs/"
| #define HAVE_SYS_MMAN_H 1
| #define HAVE_WCHAR_H 1
| #define HAVE_STDINT_H 1
| #define HAVE_MPROTECT 1
| #define HAVE_SIGACTION 1
| #define HAVE_SIGALTSTACK 1
| #define HAVE_SIGINTERRUPT 1
| #define HAVE_MAP_ANONYMOUS 1
| #define HAVE_DECL_MEMMEM 1
| #define HAVE_MEMMEM 1
| #define restrict __restrict
| #define HAVE_WCHAR_T 1
| #define HAVE_UNSIGNED_LONG_LONG_INT 1
| #define HAVE_LONG_LONG_INT 1
| #define HAVE_RAW_DECL_MEMMEM 1
| #define HAVE_RAW_DECL_MEMPCPY 1
| #define HAVE_RAW_DECL_MEMRCHR 1
| #define HAVE_RAW_DECL_RAWMEMCHR 1
| #define HAVE_RAW_DECL_STPCPY 1
| #define HAVE_RAW_DECL_STPNCPY 1
| #define HAVE_RAW_DECL_STRCHRNUL 1
| #define HAVE_RAW_DECL_STRDUP 1
| #define HAVE_RAW_DECL_STRNCAT 1
| #define HAVE_RAW_DECL_STRNDUP 1
| #define HAVE_RAW_DECL_STRNLEN 1
| #define HAVE_RAW_DECL_STRPBRK 1
| #define HAVE_RAW_DECL_STRSEP 1
| #define HAVE_RAW_DECL_STRCASESTR 1
| #define HAVE_RAW_DECL_STRTOK_R 1
| #define HAVE_RAW_DECL_STRERROR_R 1
| #define HAVE_RAW_DECL_STRSIGNAL 1
| #define HAVE_RAW_DECL_STRVERSCMP 1
| #define GNULIB_TEST_MEMCHR 1
| #define HAVE_MEMMEM 1
| #define GNULIB_TEST_MEMMEM 1
| #define HAVE_STRUCT_SIGACTION_SA_SIGACTION 1
| #define GNULIB_TEST_SIGACTION 1
| #define HAVE_RAW_DECL_SIGACTION 1
| #define HAVE_RAW_DECL_SIGADDSET 1
| #define HAVE_RAW_DECL_SIGDELSET 1
| #define HAVE_RAW_DECL_SIGEMPTYSET 1
| #define HAVE_RAW_DECL_SIGFILLSET 1
| #define HAVE_RAW_DECL_SIGISMEMBER 1
| #define HAVE_RAW_DECL_SIGPENDING 1
| #define HAVE_RAW_DECL_SIGPROCMASK 1
| #define GNULIB_TEST_SIGPROCMASK 1
| #define STDC_HEADERS 1
| #define HAVE_SYSLOG_H 1
| #define HAVE_ALLOCA_H 1
| #define HAVE_ALLOCA 1
| #define HAVE_OPENCL 1
| #define HAVE_LIBPTHREAD 1
| #define HAVE_ADL 1
| #define USE_SCRYPT 1
| /* end confdefs.h.  */
| 
| /* Override any GCC internal prototype to avoid an error.
|    Use char because int might match the return type of a GCC
|    builtin and then its argument prototype would still apply.  */
| #ifdef __cplusplus
| extern "C"
| #endif
| char addstr ();
| int
| main ()
| {
| return addstr ();
|   ;
|   return 0;
| }
configure:16284: gcc -o conftest -g -O2   conftest.c -lncurses  -lpthread  >&5
configure:16284: $? = 0
configure:16301: result: -lncurses
configure:16678: checking for pkg-config
configure:16696: found /usr/bin/pkg-config
configure:16708: result: /usr/bin/pkg-config
configure:16733: checking pkg-config is at least version 0.9.0
configure:16736: result: yes
configure:16769: checking for LIBCURL
configure:16776: $PKG_CONFIG --exists --print-errors "libcurl >= 7.25.0"
Requested 'libcurl >= 7.25.0' but version of libcurl is 7.22.0
You may find new versions of libcurl at http://curl.haxx.se/
configure:16779: $? = 1
configure:16793: $PKG_CONFIG --exists --print-errors "libcurl >= 7.25.0"
Requested 'libcurl >= 7.25.0' but version of libcurl is 7.22.0
You may find new versions of libcurl at http://curl.haxx.se/
configure:16796: $? = 1
configure:16810: result: no
Requested 'libcurl >= 7.25.0' but version of libcurl is 7.22.0
You may find new versions of libcurl at http://curl.haxx.se/
configure:16828: checking for LIBCURL
configure:16835: $PKG_CONFIG --exists --print-errors "libcurl >= 7.18.2"
configure:16838: $? = 0
configure:16852: $PKG_CONFIG --exists --print-errors "libcurl >= 7.18.2"
configure:16855: $? = 0
configure:16893: result: yes
configure:17072: gcc -c -g -O2  conftest.c >&5
conftest.c:88:26: fatal error: process.h: No such file or directory
compilation terminated.
configure:17072: $? = 1
configure: failed program was:
| /* confdefs.h */
| #define PACKAGE_NAME "exeminer"
| #define PACKAGE_TARNAME "exeminer"
| #define PACKAGE_VERSION "0.5.4pre2"
| #define PACKAGE_STRING "exeminer 0.5.4pre2"
| #define PACKAGE_BUGREPORT ""
| #define PACKAGE_URL ""
| #define PACKAGE "exeminer"
| #define VERSION "0.5.4pre2"
| #define STDC_HEADERS 1
| #define HAVE_SYS_TYPES_H 1
| #define HAVE_SYS_STAT_H 1
| #define HAVE_STDLIB_H 1
| #define HAVE_STRING_H 1
| #define HAVE_MEMORY_H 1
| #define HAVE_STRINGS_H 1
| #define HAVE_INTTYPES_H 1
| #define HAVE_STDINT_H 1
| #define HAVE_UNISTD_H 1
| #define __EXTENSIONS__ 1
| #define _ALL_SOURCE 1
| #define _GNU_SOURCE 1
| #define _POSIX_PTHREAD_SEMANTICS 1
| #define _TANDEM_SOURCE 1
| #define CGMINER_MAJOR_VERSION 0
| #define CGMINER_MINOR_VERSION 5
| #define CGMINER_MINOR_SUBVERSION 4pre2
| #define HAVE_DLFCN_H 1
| #define LT_OBJDIR ".libs/"
| #define HAVE_SYS_MMAN_H 1
| #define HAVE_WCHAR_H 1
| #define HAVE_STDINT_H 1
| #define HAVE_MPROTECT 1
| #define HAVE_SIGACTION 1
| #define HAVE_SIGALTSTACK 1
| #define HAVE_SIGINTERRUPT 1
| #define HAVE_MAP_ANONYMOUS 1
| #define HAVE_DECL_MEMMEM 1
| #define HAVE_MEMMEM 1
| #define restrict __restrict
| #define HAVE_WCHAR_T 1
| #define HAVE_UNSIGNED_LONG_LONG_INT 1
| #define HAVE_LONG_LONG_INT 1
| #define HAVE_RAW_DECL_MEMMEM 1
| #define HAVE_RAW_DECL_MEMPCPY 1
| #define HAVE_RAW_DECL_MEMRCHR 1
| #define HAVE_RAW_DECL_RAWMEMCHR 1
| #define HAVE_RAW_DECL_STPCPY 1
| #define HAVE_RAW_DECL_STPNCPY 1
| #define HAVE_RAW_DECL_STRCHRNUL 1
| #define HAVE_RAW_DECL_STRDUP 1
| #define HAVE_RAW_DECL_STRNCAT 1
| #define HAVE_RAW_DECL_STRNDUP 1
| #define HAVE_RAW_DECL_STRNLEN 1
| #define HAVE_RAW_DECL_STRPBRK 1
| #define HAVE_RAW_DECL_STRSEP 1
| #define HAVE_RAW_DECL_STRCASESTR 1
| #define HAVE_RAW_DECL_STRTOK_R 1
| #define HAVE_RAW_DECL_STRERROR_R 1
| #define HAVE_RAW_DECL_STRSIGNAL 1
| #define HAVE_RAW_DECL_STRVERSCMP 1
| #define GNULIB_TEST_MEMCHR 1
| #define HAVE_MEMMEM 1
| #define GNULIB_TEST_MEMMEM 1
| #define HAVE_STRUCT_SIGACTION_SA_SIGACTION 1
| #define GNULIB_TEST_SIGACTION 1
| #define HAVE_RAW_DECL_SIGACTION 1
| #define HAVE_RAW_DECL_SIGADDSET 1
| #define HAVE_RAW_DECL_SIGDELSET 1
| #define HAVE_RAW_DECL_SIGEMPTYSET 1
| #define HAVE_RAW_DECL_SIGFILLSET 1
| #define HAVE_RAW_DECL_SIGISMEMBER 1
| #define HAVE_RAW_DECL_SIGPENDING 1
| #define HAVE_RAW_DECL_SIGPROCMASK 1
| #define GNULIB_TEST_SIGPROCMASK 1
| #define STDC_HEADERS 1
| #define HAVE_SYSLOG_H 1
| #define HAVE_ALLOCA_H 1
| #define HAVE_ALLOCA 1
| #define HAVE_OPENCL 1
| #define HAVE_LIBPTHREAD 1
| #define HAVE_ADL 1
| #define USE_SCRYPT 1
| #define HAVE_CURSES 1
| #define HAVE_LIBCURL 1
| /* end confdefs.h.  */
| 
| 		   #include <process.h>
| 		   int execv(const char*, const char*const*);
| 
configure:17090: gcc -c -g -O2  conftest.c >&5
configure:17090: $? = 0
configure:17100: gcc -c -g -O2  conftest.c >&5
configure:17100: $? = 0
configure:17110: gcc -c -g -O2  conftest.c >&5
conftest.c: In function 'cleanup':
conftest.c:90:55: warning: incompatible implicit declaration of built-in function 'exit' [enabled by default]
configure:17110: $? = 0
configure:17120: gcc -c -g -O2  conftest.c >&5
configure:17120: $? = 0
configure:17130: gcc -c -g -O2  conftest.c >&5
configure:17130: $? = 0
configure:17140: gcc -c -g -O2  conftest.c >&5
configure:17140: $? = 0
configure:17150: gcc -o conftest -g -O2   conftest.c -lncurses -lpthread  >&5
configure:17150: $? = 0
configure:17161: gcc -o conftest -g -O2   conftest.c -lncurses -lpthread  >&5
configure:17161: $? = 0
configure:17172: gcc -c -g -O2  conftest.c >&5
configure:17172: $? = 0
configure:17482: creating ./config.status

## ---------------------- ##
## Running config.status. ##
## ---------------------- ##

This file was extended by exeminer config.status 0.5.4pre2, which was
generated by GNU Autoconf 2.68.  Invocation command line was

  CONFIG_FILES    = 
  CONFIG_HEADERS  = 
  CONFIG_LINKS    = 
  CONFIG_COMMANDS = 
  $ ./config.status 

on bil.poolz.net

config.status:1368: creating Makefile
config.status:1368: creating compat/Makefile
config.status:1368: creating ccan/Makefile
config.status:1368: creating lib/Makefile
config.status:1368: creating config.h
config.status:1549: config.h is unchanged
config.status:1597: executing depfiles commands
config.status:1597: executing libtool commands
configure:19790: === configuring in compat/jansson-2.5 (/home/exeminer/compat/jansson-2.5)
configure:19853: running /bin/bash ./configure --disable-option-checking '--prefix=/usr/local'  --cache-file=/dev/null --srcdir=.

## ---------------- ##
## Cache variables. ##
## ---------------- ##

ac_cv_build=x86_64-unknown-linux-gnu
ac_cv_c_compiler_gnu=yes
ac_cv_c_inline=inline
ac_cv_c_restrict=__restrict
ac_cv_env_CC_set=
ac_cv_env_CC_value=
ac_cv_env_CFLAGS_set=
ac_cv_env_CFLAGS_value=
ac_cv_env_CPPFLAGS_set=
ac_cv_env_CPPFLAGS_value=
ac_cv_env_CPP_set=
ac_cv_env_CPP_value=
ac_cv_env_LDFLAGS_set=
ac_cv_env_LDFLAGS_value=
ac_cv_env_LIBCURL_CFLAGS_set=
ac_cv_env_LIBCURL_CFLAGS_value=
ac_cv_env_LIBCURL_LIBS_set=
ac_cv_env_LIBCURL_LIBS_value=
ac_cv_env_LIBS_set=
ac_cv_env_LIBS_value=
ac_cv_env_LIBUSB_CFLAGS_set=
ac_cv_env_LIBUSB_CFLAGS_value=
ac_cv_env_LIBUSB_LIBS_set=
ac_cv_env_LIBUSB_LIBS_value=
ac_cv_env_PKG_CONFIG_LIBDIR_set=
ac_cv_env_PKG_CONFIG_LIBDIR_value=
ac_cv_env_PKG_CONFIG_PATH_set=
ac_cv_env_PKG_CONFIG_PATH_value=
ac_cv_env_PKG_CONFIG_set=
ac_cv_env_PKG_CONFIG_value=
ac_cv_env_build_alias_set=
ac_cv_env_build_alias_value=
ac_cv_env_host_alias_set=
ac_cv_env_host_alias_value=
ac_cv_env_target_alias_set=
ac_cv_env_target_alias_value=
ac_cv_file___ADL_SDK_adl_sdk_h=yes
ac_cv_func_alloca_works=yes
ac_cv_func_memmem=yes
ac_cv_func_mmap=yes
ac_cv_func_mprotect=yes
ac_cv_func_sigaction=yes
ac_cv_func_sigaltstack=yes
ac_cv_func_siginterrupt=yes
ac_cv_func_sigprocmask=yes
ac_cv_have_decl_memmem=yes
ac_cv_have_decl_mempcpy=yes
ac_cv_have_decl_memrchr=yes
ac_cv_have_decl_rawmemchr=yes
ac_cv_have_decl_sigaction=yes
ac_cv_have_decl_sigaddset=yes
ac_cv_have_decl_sigdelset=yes
ac_cv_have_decl_sigemptyset=yes
ac_cv_have_decl_sigfillset=yes
ac_cv_have_decl_sigismember=yes
ac_cv_have_decl_sigpending=yes
ac_cv_have_decl_sigprocmask=yes
ac_cv_have_decl_stpcpy=yes
ac_cv_have_decl_stpncpy=yes
ac_cv_have_decl_strcasestr=yes
ac_cv_have_decl_strchrnul=yes
ac_cv_have_decl_strdup=yes
ac_cv_have_decl_strerror_r=yes
ac_cv_have_decl_strncat=yes
ac_cv_have_decl_strndup=yes
ac_cv_have_decl_strnlen=yes
ac_cv_have_decl_strpbrk=yes
ac_cv_have_decl_strsep=yes
ac_cv_have_decl_strsignal=yes
ac_cv_have_decl_strtok_r=yes
ac_cv_have_decl_strverscmp=yes
ac_cv_header_dlfcn_h=yes
ac_cv_header_inttypes_h=yes
ac_cv_header_memory_h=yes
ac_cv_header_minix_config_h=no
ac_cv_header_stdc=yes
ac_cv_header_stdint_h=yes
ac_cv_header_stdlib_h=yes
ac_cv_header_string_h=yes
ac_cv_header_strings_h=yes
ac_cv_header_sys_mman_h=yes
ac_cv_header_sys_stat_h=yes
ac_cv_header_sys_types_h=yes
ac_cv_header_syslog_h=yes
ac_cv_header_unistd_h=yes
ac_cv_header_wchar_h=yes
ac_cv_host=x86_64-unknown-linux-gnu
ac_cv_lib_pthread_pthread_create=yes
ac_cv_member_struct_sigaction_sa_sigaction=yes
ac_cv_objext=o
ac_cv_path_EGREP='/bin/grep -E'
ac_cv_path_FGREP='/bin/grep -F'
ac_cv_path_GREP=/bin/grep
ac_cv_path_SED=/bin/sed
ac_cv_path_ac_pt_PKG_CONFIG=/usr/bin/pkg-config
ac_cv_path_install='/usr/bin/install -c'
ac_cv_path_mkdir=/bin/mkdir
ac_cv_prog_AWK=mawk
ac_cv_prog_CPP='gcc -E'
ac_cv_prog_ac_ct_AR=ar
ac_cv_prog_ac_ct_CC=gcc
ac_cv_prog_ac_ct_MANIFEST_TOOL=mt
ac_cv_prog_ac_ct_OBJDUMP=objdump
ac_cv_prog_ac_ct_RANLIB=ranlib
ac_cv_prog_ac_ct_STRIP=strip
ac_cv_prog_cc_c89=
ac_cv_prog_cc_g=yes
ac_cv_prog_cc_gcc_c_o=yes
ac_cv_prog_gcc_traditional=no
ac_cv_prog_make_make_set=yes
ac_cv_safe_to_define___extensions__=yes
ac_cv_search_addstr=-lncurses
ac_cv_target=x86_64-unknown-linux-gnu
ac_cv_type_long_long_int=yes
ac_cv_type_sighandler_t=yes
ac_cv_type_size_t=yes
ac_cv_type_uid_t=yes
ac_cv_type_unsigned_long_long_int=yes
ac_cv_type_volatile_sig_atomic_t=yes
ac_cv_working_alloca_h=yes
am_cv_CC_dependencies_compiler_type=gcc3
gl_cv_c_multiarch=no
gl_cv_decl_null_works=yes
gl_cv_func_memchr_works=yes
gl_cv_func_memmem_works_always=yes
gl_cv_func_memmem_works_fast=yes
gl_cv_func_sigprocmask=1
gl_cv_have_include_next=yes
gl_cv_have_raw_decl_memmem=yes
gl_cv_have_raw_decl_mempcpy=yes
gl_cv_have_raw_decl_memrchr=yes
gl_cv_have_raw_decl_rawmemchr=yes
gl_cv_have_raw_decl_sigaction=yes
gl_cv_have_raw_decl_sigaddset=yes
gl_cv_have_raw_decl_sigdelset=yes
gl_cv_have_raw_decl_sigemptyset=yes
gl_cv_have_raw_decl_sigfillset=yes
gl_cv_have_raw_decl_sigismember=yes
gl_cv_have_raw_decl_sigpending=yes
gl_cv_have_raw_decl_sigprocmask=yes
gl_cv_have_raw_decl_stpcpy=yes
gl_cv_have_raw_decl_stpncpy=yes
gl_cv_have_raw_decl_strcasestr=yes
gl_cv_have_raw_decl_strchrnul=yes
gl_cv_have_raw_decl_strdup=yes
gl_cv_have_raw_decl_strerror_r=yes
gl_cv_have_raw_decl_strncat=yes
gl_cv_have_raw_decl_strndup=yes
gl_cv_have_raw_decl_strnlen=yes
gl_cv_have_raw_decl_strpbrk=yes
gl_cv_have_raw_decl_strsep=yes
gl_cv_have_raw_decl_strsignal=yes
gl_cv_have_raw_decl_strtok_r=yes
gl_cv_have_raw_decl_strverscmp=yes
gl_cv_header_working_stdint_h=yes
gl_cv_next_signal_h='<signal.h>'
gl_cv_next_stdint_h='<stdint.h>'
gl_cv_next_string_h='<string.h>'
gl_cv_pragma_columns=no
gt_cv_c_wchar_t=yes
lt_cv_ar_at_file=@
lt_cv_deplibs_check_method=pass_all
lt_cv_file_magic_cmd='$MAGIC_CMD'
lt_cv_file_magic_test_file=
lt_cv_ld_reload_flag=-r
lt_cv_nm_interface='BSD nm'
lt_cv_objdir=.libs
lt_cv_path_LD=/usr/bin/ld
lt_cv_path_NM='/usr/bin/nm -B'
lt_cv_path_mainfest_tool=no
lt_cv_prog_compiler_c_o=yes
lt_cv_prog_compiler_pic='-fPIC -DPIC'
lt_cv_prog_compiler_pic_works=yes
lt_cv_prog_compiler_rtti_exceptions=no
lt_cv_prog_compiler_static_works=yes
lt_cv_prog_gnu_ld=yes
lt_cv_sharedlib_from_linklib_cmd='printf %s\n'
lt_cv_shlibpath_overrides_runpath=no
lt_cv_sys_global_symbol_pipe='sed -n -e '\''s/^.*[	 ]\([ABCDGIRSTW][ABCDGIRSTW]*\)[	 ][	 ]*\([_A-Za-z][_A-Za-z0-9]*\)$/\1 \2 \2/p'\'' | sed '\''/ __gnu_lto/d'\'''
lt_cv_sys_global_symbol_to_c_name_address='sed -n -e '\''s/^: \([^ ]*\)[ ]*$/  {\"\1\", (void *) 0},/p'\'' -e '\''s/^[ABCDGIRSTW]* \([^ ]*\) \([^ ]*\)$/  {"\2", (void *) \&\2},/p'\'''
lt_cv_sys_global_symbol_to_c_name_address_lib_prefix='sed -n -e '\''s/^: \([^ ]*\)[ ]*$/  {\"\1\", (void *) 0},/p'\'' -e '\''s/^[ABCDGIRSTW]* \([^ ]*\) \(lib[^ ]*\)$/  {"\2", (void *) \&\2},/p'\'' -e '\''s/^[ABCDGIRSTW]* \([^ ]*\) \([^ ]*\)$/  {"lib\2", (void *) \&\2},/p'\'''
lt_cv_sys_global_symbol_to_cdecl='sed -n -e '\''s/^T .* \(.*\)$/extern int \1();/p'\'' -e '\''s/^[ABCDGIRSTW]* .* \(.*\)$/extern char \1;/p'\'''
lt_cv_sys_max_cmd_len=1572864
lt_cv_to_host_file_cmd=func_convert_file_noop
lt_cv_to_tool_file_cmd=func_convert_file_noop
pkg_cv_LIBCURL_CFLAGS=' '
pkg_cv_LIBCURL_LIBS='-lcurl  '

## ----------------- ##
## Output variables. ##
## ----------------- ##

ACLOCAL='${SHELL} /home/exeminer/missing --run aclocal-1.11'
ADL_CPPFLAGS='-I.'
ALLOCA=''
AMDEPBACKSLASH='\'
AMDEP_FALSE='#'
AMDEP_TRUE=''
AMTAR='${SHELL} /home/exeminer/missing --run tar'
AM_BACKSLASH='\'
AM_DEFAULT_VERBOSITY='0'
APPLE_UNIVERSAL_BUILD='0'
AR='ar'
AUTOCONF='${SHELL} /home/exeminer/missing --run autoconf'
AUTOHEADER='${SHELL} /home/exeminer/missing --run autoheader'
AUTOMAKE='${SHELL} /home/exeminer/missing --run automake-1.11'
AWK='mawk'
BITSIZEOF_PTRDIFF_T=''
BITSIZEOF_SIG_ATOMIC_T=''
BITSIZEOF_SIZE_T=''
BITSIZEOF_WCHAR_T=''
BITSIZEOF_WINT_T=''
CC='gcc'
CCDEPMODE='depmode=gcc3'
CFLAGS='-g -O2'
CPP='gcc -E'
CPPFLAGS=''
CYGPATH_W='echo'
DEFS='-DHAVE_CONFIG_H'
DEPDIR='.deps'
DLLTOOL='false'
DLOPEN_FLAGS='-ldl'
DSYMUTIL=''
DUMPBIN=''
ECHO_C=''
ECHO_N='-n'
ECHO_T=''
EGREP='/bin/grep -E'
EXEEXT=''
FGREP='/bin/grep -F'
GL_COND_LIBTOOL_FALSE=''
GL_COND_LIBTOOL_TRUE='#'
GL_GENERATE_STDDEF_H_FALSE=''
GL_GENERATE_STDDEF_H_TRUE='#'
GL_GENERATE_STDINT_H_FALSE=''
GL_GENERATE_STDINT_H_TRUE='#'
GNULIB_MBSCASECMP='0'
GNULIB_MBSCASESTR='0'
GNULIB_MBSCHR='0'
GNULIB_MBSCSPN='0'
GNULIB_MBSLEN='0'
GNULIB_MBSNCASECMP='0'
GNULIB_MBSNLEN='0'
GNULIB_MBSPBRK='0'
GNULIB_MBSPCASECMP='0'
GNULIB_MBSRCHR='0'
GNULIB_MBSSEP='0'
GNULIB_MBSSPN='0'
GNULIB_MBSSTR='0'
GNULIB_MBSTOK_R='0'
GNULIB_MEMCHR='1'
GNULIB_MEMMEM='1'
GNULIB_MEMPCPY='0'
GNULIB_MEMRCHR='0'
GNULIB_RAWMEMCHR='0'
GNULIB_SIGACTION='1'
GNULIB_SIGNAL_H_SIGPIPE='0'
GNULIB_SIGPROCMASK='1'
GNULIB_STPCPY='0'
GNULIB_STPNCPY='0'
GNULIB_STRCASESTR='0'
GNULIB_STRCHRNUL='0'
GNULIB_STRDUP='0'
GNULIB_STRERROR='0'
GNULIB_STRERROR_R='0'
GNULIB_STRNCAT='0'
GNULIB_STRNDUP='0'
GNULIB_STRNLEN='0'
GNULIB_STRPBRK='0'
GNULIB_STRSEP='0'
GNULIB_STRSIGNAL='0'
GNULIB_STRSTR='0'
GNULIB_STRTOK_R='0'
GNULIB_STRVERSCMP='0'
GREP='/bin/grep'
HAS_AVALON_FALSE=''
HAS_AVALON_TRUE='#'
HAS_BFLSC_FALSE=''
HAS_BFLSC_TRUE='#'
HAS_BITFORCE_FALSE=''
HAS_BITFORCE_TRUE='#'
HAS_BITFURY_FALSE=''
HAS_BITFURY_TRUE='#'
HAS_HASHFAST_FALSE=''
HAS_HASHFAST_TRUE='#'
HAS_ICARUS_FALSE=''
HAS_ICARUS_TRUE='#'
HAS_KLONDIKE_FALSE=''
HAS_KLONDIKE_TRUE='#'
HAS_KNC_FALSE=''
HAS_KNC_TRUE='#'
HAS_MODMINER_FALSE=''
HAS_MODMINER_TRUE='#'
HAS_OPENCL_FALSE='#'
HAS_OPENCL_TRUE=''
HAS_SCRYPT_FALSE='#'
HAS_SCRYPT_TRUE=''
HAVE_CURSES_FALSE='#'
HAVE_CURSES_TRUE=''
HAVE_DECL_MEMMEM='1'
HAVE_DECL_MEMRCHR='1'
HAVE_DECL_STRDUP='1'
HAVE_DECL_STRERROR_R='1'
HAVE_DECL_STRNDUP='1'
HAVE_DECL_STRNLEN='1'
HAVE_DECL_STRSIGNAL='1'
HAVE_DECL_STRTOK_R='1'
HAVE_INTTYPES_H='1'
HAVE_LONG_LONG_INT='1'
HAVE_MBSLEN='0'
HAVE_MEMCHR='1'
HAVE_MEMPCPY='1'
HAVE_POSIX_SIGNALBLOCKING='1'
HAVE_RAWMEMCHR='1'
HAVE_SIGACTION='1'
HAVE_SIGHANDLER_T='1'
HAVE_SIGINFO_T='1'
HAVE_SIGNED_SIG_ATOMIC_T=''
HAVE_SIGNED_WCHAR_T=''
HAVE_SIGNED_WINT_T=''
HAVE_SIGSET_T='1'
HAVE_STDINT_H='1'
HAVE_STPCPY='1'
HAVE_STPNCPY='1'
HAVE_STRCASESTR='1'
HAVE_STRCHRNUL='1'
HAVE_STRPBRK='1'
HAVE_STRSEP='1'
HAVE_STRUCT_SIGACTION_SA_SIGACTION='1'
HAVE_STRVERSCMP='1'
HAVE_SYS_BITYPES_H=''
HAVE_SYS_INTTYPES_H=''
HAVE_SYS_TYPES_H='1'
HAVE_TYPE_VOLATILE_SIG_ATOMIC_T='1'
HAVE_UNSIGNED_LONG_LONG_INT='1'
HAVE_WCHAR_H='1'
HAVE_WCHAR_T='1'
HAVE_WINDOWS_FALSE=''
HAVE_WINDOWS_TRUE='#'
HAVE_x86_64_FALSE='#'
HAVE_x86_64_TRUE=''
INCLUDE_NEXT='include_next'
INCLUDE_NEXT_AS_FIRST_DIRECTIVE='include_next'
INSTALL_DATA='${INSTALL} -m 644'
INSTALL_PROGRAM='${INSTALL}'
INSTALL_SCRIPT='${INSTALL}'
INSTALL_STRIP_PROGRAM='$(install_sh) -c -s'
JANSSON_LIBS='compat/jansson-2.5/src/.libs/libjansson.a'
LD='/usr/bin/ld -m elf_x86_64'
LDFLAGS=''
LIBCURL_CFLAGS=' '
LIBCURL_LIBS='-lcurl  '
LIBGNU_LIBDEPS=''
LIBGNU_LTLIBDEPS=''
LIBOBJS=''
LIBS='-lncurses -lpthread '
LIBTOOL='$(SHELL) $(top_builddir)/libtool'
LIBUSB_CFLAGS=''
LIBUSB_LIBS=''
LIPO=''
LN_S='ln -s'
LTLIBOBJS=''
MAINT='#'
MAINTAINER_MODE_FALSE=''
MAINTAINER_MODE_TRUE='#'
MAKEINFO='${SHELL} /home/exeminer/missing --run makeinfo'
MANIFEST_TOOL=':'
MATH_LIBS='-lm'
MKDIR_P='/bin/mkdir -p'
MM_LIBS=''
NCURSES_LIBS=''
NEED_FPGAUTILS_FALSE=''
NEED_FPGAUTILS_TRUE='#'
NEXT_AS_FIRST_DIRECTIVE_SIGNAL_H='<signal.h>'
NEXT_AS_FIRST_DIRECTIVE_STDDEF_H=''
NEXT_AS_FIRST_DIRECTIVE_STDINT_H='<stdint.h>'
NEXT_AS_FIRST_DIRECTIVE_STRING_H='<string.h>'
NEXT_SIGNAL_H='<signal.h>'
NEXT_STDDEF_H=''
NEXT_STDINT_H='<stdint.h>'
NEXT_STRING_H='<string.h>'
NM='/usr/bin/nm -B'
NMEDIT=''
OBJDUMP='objdump'
OBJEXT='o'
OPENCL_FLAGS='-I/opt/AMDAPP/include '
OPENCL_LIBS='-L/opt/AMDAPP/lib/x86_64 -lOpenCL'
OTOOL64=''
OTOOL=''
PACKAGE='exeminer'
PACKAGE_BUGREPORT=''
PACKAGE_NAME='exeminer'
PACKAGE_STRING='exeminer 0.5.4pre2'
PACKAGE_TARNAME='exeminer'
PACKAGE_URL=''
PACKAGE_VERSION='0.5.4pre2'
PATH_SEPARATOR=':'
PDCURSES_LIBS=''
PKG_CONFIG='/usr/bin/pkg-config'
PKG_CONFIG_LIBDIR=''
PKG_CONFIG_PATH=''
PRAGMA_COLUMNS=''
PRAGMA_SYSTEM_HEADER='#pragma GCC system_header'
PTHREAD_FLAGS='-lpthread'
PTHREAD_LIBS='-lpthread'
PTRDIFF_T_SUFFIX=''
RANLIB='ranlib'
REPLACE_MEMCHR='0'
REPLACE_MEMMEM='0'
REPLACE_NULL='0'
REPLACE_STPNCPY='0'
REPLACE_STRCASESTR='0'
REPLACE_STRCHRNUL='0'
REPLACE_STRDUP='0'
REPLACE_STRERROR='0'
REPLACE_STRERROR_R='0'
REPLACE_STRNCAT='0'
REPLACE_STRNDUP='0'
REPLACE_STRNLEN='0'
REPLACE_STRSIGNAL='0'
REPLACE_STRSTR='0'
REPLACE_STRTOK_R='0'
RT_LIBS='-lrt'
SED='/bin/sed'
SET_MAKE=''
SHELL='/bin/bash'
SIG_ATOMIC_T_SUFFIX=''
SIZE_T_SUFFIX=''
STDDEF_H=''
STDINT_H=''
STRIP='strip'
UNDEFINE_STRTOK_R='0'
VERSION='0.5.4pre2'
VMAJ='0'
WANT_STATIC_LIBUSB_FALSE=''
WANT_STATIC_LIBUSB_TRUE='#'
WANT_USBUTILS_FALSE=''
WANT_USBUTILS_TRUE='#'
WCHAR_T_SUFFIX=''
WINT_T_SUFFIX=''
WS2_LIBS=''
ac_ct_AR='ar'
ac_ct_CC='gcc'
ac_ct_DUMPBIN=''
am__EXEEXT_FALSE=''
am__EXEEXT_TRUE='#'
am__fastdepCC_FALSE='#'
am__fastdepCC_TRUE=''
am__include='include'
am__isrc=''
am__leading_dot='.'
am__quote=''
am__tar='${AMTAR} chof - "$$tardir"'
am__untar='${AMTAR} xf -'
bindir='${exec_prefix}/bin'
build='x86_64-unknown-linux-gnu'
build_alias=''
build_cpu='x86_64'
build_os='linux-gnu'
build_vendor='unknown'
datadir='${datarootdir}'
datarootdir='${prefix}/share'
docdir='${datarootdir}/doc/${PACKAGE_TARNAME}'
dvidir='${docdir}'
exec_prefix='${prefix}'
gl_LIBOBJS=''
gl_LTLIBOBJS=''
gltests_LIBOBJS=''
gltests_LTLIBOBJS=''
gltests_WITNESS='IN_EXEMINER_GNULIB_TESTS'
host='x86_64-unknown-linux-gnu'
host_alias=''
host_cpu='x86_64'
host_os='linux-gnu'
host_vendor='unknown'
htmldir='${docdir}'
includedir='${prefix}/include'
infodir='${datarootdir}/info'
install_sh='${SHELL} /home/exeminer/install-sh'
libdir='${exec_prefix}/lib'
libexecdir='${exec_prefix}/libexec'
localedir='${datarootdir}/locale'
localstatedir='${prefix}/var'
mandir='${datarootdir}/man'
mkdir_p='/bin/mkdir -p'
oldincludedir='/usr/include'
pdfdir='${docdir}'
prefix='/usr/local'
program_transform_name='s,x,x,'
psdir='${docdir}'
release_info=''
sbindir='${exec_prefix}/sbin'
sharedstatedir='${prefix}/com'
subdirs=' compat/jansson-2.5'
sysconfdir='${prefix}/etc'
target='x86_64-unknown-linux-gnu'
target_alias=''
target_cpu='x86_64'
target_os='linux-gnu'
target_vendor='unknown'
version_info='5:4pre2:5'

## ----------- ##
## confdefs.h. ##
## ----------- ##

/* confdefs.h */
#define PACKAGE_NAME "exeminer"
#define PACKAGE_TARNAME "exeminer"
#define PACKAGE_VERSION "0.5.4pre2"
#define PACKAGE_STRING "exeminer 0.5.4pre2"
#define PACKAGE_BUGREPORT ""
#define PACKAGE_URL ""
#define PACKAGE "exeminer"
#define VERSION "0.5.4pre2"
#define STDC_HEADERS 1
#define HAVE_SYS_TYPES_H 1
#define HAVE_SYS_STAT_H 1
#define HAVE_STDLIB_H 1
#define HAVE_STRING_H 1
#define HAVE_MEMORY_H 1
#define HAVE_STRINGS_H 1
#define HAVE_INTTYPES_H 1
#define HAVE_STDINT_H 1
#define HAVE_UNISTD_H 1
#define __EXTENSIONS__ 1
#define _ALL_SOURCE 1
#define _GNU_SOURCE 1
#define _POSIX_PTHREAD_SEMANTICS 1
#define _TANDEM_SOURCE 1
#define CGMINER_MAJOR_VERSION 0
#define CGMINER_MINOR_VERSION 5
#define CGMINER_MINOR_SUBVERSION 4pre2
#define HAVE_DLFCN_H 1
#define LT_OBJDIR ".libs/"
#define HAVE_SYS_MMAN_H 1
#define HAVE_WCHAR_H 1
#define HAVE_STDINT_H 1
#define HAVE_MPROTECT 1
#define HAVE_SIGACTION 1
#define HAVE_SIGALTSTACK 1
#define HAVE_SIGINTERRUPT 1
#define HAVE_MAP_ANONYMOUS 1
#define HAVE_DECL_MEMMEM 1
#define HAVE_MEMMEM 1
#define restrict __restrict
#define HAVE_WCHAR_T 1
#define HAVE_UNSIGNED_LONG_LONG_INT 1
#define HAVE_LONG_LONG_INT 1
#define HAVE_RAW_DECL_MEMMEM 1
#define HAVE_RAW_DECL_MEMPCPY 1
#define HAVE_RAW_DECL_MEMRCHR 1
#define HAVE_RAW_DECL_RAWMEMCHR 1
#define HAVE_RAW_DECL_STPCPY 1
#define HAVE_RAW_DECL_STPNCPY 1
#define HAVE_RAW_DECL_STRCHRNUL 1
#define HAVE_RAW_DECL_STRDUP 1
#define HAVE_RAW_DECL_STRNCAT 1
#define HAVE_RAW_DECL_STRNDUP 1
#define HAVE_RAW_DECL_STRNLEN 1
#define HAVE_RAW_DECL_STRPBRK 1
#define HAVE_RAW_DECL_STRSEP 1
#define HAVE_RAW_DECL_STRCASESTR 1
#define HAVE_RAW_DECL_STRTOK_R 1
#define HAVE_RAW_DECL_STRERROR_R 1
#define HAVE_RAW_DECL_STRSIGNAL 1
#define HAVE_RAW_DECL_STRVERSCMP 1
#define GNULIB_TEST_MEMCHR 1
#define HAVE_MEMMEM 1
#define GNULIB_TEST_MEMMEM 1
#define HAVE_STRUCT_SIGACTION_SA_SIGACTION 1
#define GNULIB_TEST_SIGACTION 1
#define HAVE_RAW_DECL_SIGACTION 1
#define HAVE_RAW_DECL_SIGADDSET 1
#define HAVE_RAW_DECL_SIGDELSET 1
#define HAVE_RAW_DECL_SIGEMPTYSET 1
#define HAVE_RAW_DECL_SIGFILLSET 1
#define HAVE_RAW_DECL_SIGISMEMBER 1
#define HAVE_RAW_DECL_SIGPENDING 1
#define HAVE_RAW_DECL_SIGPROCMASK 1
#define GNULIB_TEST_SIGPROCMASK 1
#define STDC_HEADERS 1
#define HAVE_SYSLOG_H 1
#define HAVE_ALLOCA_H 1
#define HAVE_ALLOCA 1
#define HAVE_OPENCL 1
#define HAVE_LIBPTHREAD 1
#define HAVE_ADL 1
#define USE_SCRYPT 1
#define HAVE_CURSES 1
#define HAVE_LIBCURL 1
#define EXECV_2ND_ARG_TYPE char* const*
#define HAVE_ATTRIBUTE_COLD 1
#define HAVE_ATTRIBUTE_CONST 1
#define HAVE_ATTRIBUTE_NORETURN 1
#define HAVE_ATTRIBUTE_PRINTF 1
#define HAVE_ATTRIBUTE_UNUSED 1
#define HAVE_ATTRIBUTE_USED 1
#define HAVE_BUILTIN_CONSTANT_P 1
#define HAVE_BUILTIN_TYPES_COMPATIBLE_P 1
#define HAVE_WARN_UNUSED_RESULT 1
#define CGMINER_PREFIX "/usr/local/bin"
#define PHATK_KERNNAME "phatk121016"
#define POCLBM_KERNNAME "poclbm130302"
#define DIAKGCN_KERNNAME "diakgcn121016"
#define DIABLO_KERNNAME "diablo130302"
#define SCRYPT_KERNNAME "scrypt140202"

configure: exit 0
